0 info it worked if it ends with ok
1 verbose cli [ 'C:\\Program Files\\nodejs\\node.exe',
1 verbose cli   'C:\\Users\\ARKAN\\AppData\\Roaming\\npm\\node_modules\\npm\\bin\\npm-cli.js',
1 verbose cli   'start' ]
2 info using npm@3.10.9
3 info using node@v6.11.0
4 verbose run-script [ 'prestart', 'start', 'poststart' ]
5 info lifecycle kumdraft@1.0.0~prestart: kumdraft@1.0.0
6 silly lifecycle kumdraft@1.0.0~prestart: no script for prestart, continuing
7 info lifecycle kumdraft@1.0.0~start: kumdraft@1.0.0
8 verbose lifecycle kumdraft@1.0.0~start: unsafe-perm in lifecycle true
9 verbose lifecycle kumdraft@1.0.0~start: PATH: C:\Users\ARKAN\AppData\Roaming\npm\node_modules\npm\bin\node-gyp-bin;C:\xampp\htdocs\kumdraft\node_modules\.bin;C:\ProgramData\Oracle\Java\javapath;C:\WINDOWS\system32;C:\WINDOWS;C:\WINDOWS\System32\Wbem;C:\WINDOWS\System32\WindowsPowerShell\v1.0\;C:\Program Files\Git\cmd;C:\xampp\php;C:\ProgramData\ComposerSetup\bin;C:\Program Files (x86)\QuickTime\QTSystem\;C:\Program Files (x86)\NVIDIA Corporation\PhysX\Common;C:\Go\bin;C:\Program Files (x86)\Yarn\bin;C:\Program Files\nodejs\;C:\Program Files (x86)\Microsoft VS Code\bin;C:\Users\ARKAN\AppData\Local\Microsoft\WindowsApps;C:\Users\ARKAN\AppData\Local\Fusetools\Fuse\App\Bin;C:\Go\bin;E:\Projects\Go\bin;C:\Users\ARKAN\AppData\Local\Yarn\bin;C:\Users\ARKAN\AppData\Roaming\npm
10 verbose lifecycle kumdraft@1.0.0~start: CWD: C:\xampp\htdocs\kumdraft
11 silly lifecycle kumdraft@1.0.0~start: Args: [ '/d /s /c',
11 silly lifecycle   'webpack-dev-server --progress --inline --content-base ./public' ]
12 silly lifecycle kumdraft@1.0.0~start: Returned: code: 1  signal: null
13 info lifecycle kumdraft@1.0.0~start: Failed to exec start script
14 verbose stack Error: kumdraft@1.0.0 start: `webpack-dev-server --progress --inline --content-base ./public`
14 verbose stack Exit status 1
14 verbose stack     at EventEmitter.<anonymous> (C:\Users\ARKAN\AppData\Roaming\npm\node_modules\npm\lib\utils\lifecycle.js:255:16)
14 verbose stack     at emitTwo (events.js:106:13)
14 verbose stack     at EventEmitter.emit (events.js:191:7)
14 verbose stack     at ChildProcess.<anonymous> (C:\Users\ARKAN\AppData\Roaming\npm\node_modules\npm\lib\utils\spawn.js:40:14)
14 verbose stack     at emitTwo (events.js:106:13)
14 verbose stack     at ChildProcess.emit (events.js:191:7)
14 verbose stack     at maybeClose (internal/child_process.js:891:16)
14 verbose stack     at Process.ChildProcess._handle.onexit (internal/child_process.js:226:5)
15 verbose pkgid kumdraft@1.0.0
16 verbose cwd C:\xampp\htdocs\kumdraft
17 error Windows_NT 10.0.14393
18 error argv "C:\\Program Files\\nodejs\\node.exe" "C:\\Users\\ARKAN\\AppData\\Roaming\\npm\\node_modules\\npm\\bin\\npm-cli.js" "start"
19 error node v6.11.0
20 error npm  v3.10.9
21 error code ELIFECYCLE
22 error kumdraft@1.0.0 start: `webpack-dev-server --progress --inline --content-base ./public`
22 error Exit status 1
23 error Failed at the kumdraft@1.0.0 start script 'webpack-dev-server --progress --inline --content-base ./public'.
23 error Make sure you have the latest version of node.js and npm installed.
23 error If you do, this is most likely a problem with the kumdraft package,
23 error not with npm itself.
23 error Tell the author that this fails on your system:
23 error     webpack-dev-server --progress --inline --content-base ./public
23 error You can get information on how to open an issue for this project with:
23 error     npm bugs kumdraft
23 error Or if that isn't available, you can get their info via:
23 error     npm owner ls kumdraft
23 error There is likely additional logging output above.
24 verbose exit [ 1, true ]
